---------------------------------------------------------------
[ 2021-04-11T17:39:57+08:00 ] 127.0.0.1 GET 127.0.0.1:9005/assets/css/bootstrap.css.map
[运行时间：0.005952s] [吞吐率：168.01req/s] [内存消耗：276.65kb] [文件加载：119]
[ info ] [ BEHAVIOR ] Run Closure @app_init [ RunTime:0.000014s ]
[ info ] [ CACHE ] INIT File
[ info ] [ BEHAVIOR ] Run Closure @app_init [ RunTime:0.000465s ]
[ info ] [ LANG ] /media/luckywujl/data/www/admin/localhost_9005/wwwroot/thinkphp/lang/zh-cn.php
[ info ] [ BEHAVIOR ] Run app\common\behavior\Common @app_dispatch [ RunTime:0.000048s ]
[ info ] [ ROUTE ] array (
  'type' => 'module',
  'module' => 
  array (
    0 => 'assets',
    1 => 'css',
    2 => 'bootstrap.css.map',
  ),
)
[ info ] [ HEADER ] array (
  'cookie' => 'PHPSESSID=561131aca71cd8414b426adb; think_var=zh-cn; uid=1; token=4fd7e37e-1749-4b93-9795-2d0f887d8494',
  'accept-language' => 'zh-CN,zh;q=0.9',
  'accept-encoding' => 'gzip, deflate, br',
  'user-agent' => 'Mozilla/5.0 (X11; Linux x86_64) AppleWebKit/537.36 (KHTML, like Gecko) Chrome/83.0.4103.115 Safari/537.36 Qaxbrowser',
  'sec-fetch-dest' => 'empty',
  'sec-fetch-mode' => 'no-cors',
  'sec-fetch-site' => 'none',
  'connection' => 'keep-alive',
  'host' => '127.0.0.1:9005',
  'content-length' => '',
  'content-type' => '',
)
[ info ] [ PARAM ] array (
)
[ info ] [ LOG ] INIT File
---------------------------------------------------------------
[ 2021-04-11T17:39:57+08:00 ] 127.0.0.1 GET 127.0.0.1:9005/assets/css/fastadmin.css.map
[运行时间：0.006256s] [吞吐率：159.85req/s] [内存消耗：276.74kb] [文件加载：119]
[ info ] [ BEHAVIOR ] Run Closure @app_init [ RunTime:0.000018s ]
[ info ] [ CACHE ] INIT File
[ info ] [ BEHAVIOR ] Run Closure @app_init [ RunTime:0.000534s ]
[ info ] [ LANG ] /media/luckywujl/data/www/admin/localhost_9005/wwwroot/thinkphp/lang/zh-cn.php
[ info ] [ BEHAVIOR ] Run app\common\behavior\Common @app_dispatch [ RunTime:0.000053s ]
[ info ] [ ROUTE ] array (
  'type' => 'module',
  'module' => 
  array (
    0 => 'assets',
    1 => 'css',
    2 => 'fastadmin.css.map',
  ),
)
[ info ] [ HEADER ] array (
  'cookie' => 'PHPSESSID=561131aca71cd8414b426adb; think_var=zh-cn; uid=1; token=4fd7e37e-1749-4b93-9795-2d0f887d8494',
  'accept-language' => 'zh-CN,zh;q=0.9',
  'accept-encoding' => 'gzip, deflate, br',
  'user-agent' => 'Mozilla/5.0 (X11; Linux x86_64) AppleWebKit/537.36 (KHTML, like Gecko) Chrome/83.0.4103.115 Safari/537.36 Qaxbrowser',
  'sec-fetch-dest' => 'empty',
  'sec-fetch-mode' => 'no-cors',
  'sec-fetch-site' => 'none',
  'connection' => 'keep-alive',
  'host' => '127.0.0.1:9005',
  'content-length' => '',
  'content-type' => '',
)
[ info ] [ PARAM ] array (
)
[ info ] [ LOG ] INIT File
---------------------------------------------------------------
[ 2021-04-11T17:39:57+08:00 ] 127.0.0.1 GET 127.0.0.1:9005/assets/css/user.css.map
[运行时间：0.002959s] [吞吐率：337.95req/s] [内存消耗：276.70kb] [文件加载：119]
[ info ] [ BEHAVIOR ] Run Closure @app_init [ RunTime:0.000023s ]
[ info ] [ CACHE ] INIT File
[ info ] [ BEHAVIOR ] Run Closure @app_init [ RunTime:0.000451s ]
[ info ] [ LANG ] /media/luckywujl/data/www/admin/localhost_9005/wwwroot/thinkphp/lang/zh-cn.php
[ info ] [ BEHAVIOR ] Run app\common\behavior\Common @app_dispatch [ RunTime:0.000030s ]
[ info ] [ ROUTE ] array (
  'type' => 'module',
  'module' => 
  array (
    0 => 'assets',
    1 => 'css',
    2 => 'user.css.map',
  ),
)
[ info ] [ HEADER ] array (
  'cookie' => 'PHPSESSID=561131aca71cd8414b426adb; think_var=zh-cn; uid=1; token=4fd7e37e-1749-4b93-9795-2d0f887d8494',
  'accept-language' => 'zh-CN,zh;q=0.9',
  'accept-encoding' => 'gzip, deflate, br',
  'user-agent' => 'Mozilla/5.0 (X11; Linux x86_64) AppleWebKit/537.36 (KHTML, like Gecko) Chrome/83.0.4103.115 Safari/537.36 Qaxbrowser',
  'sec-fetch-dest' => 'empty',
  'sec-fetch-mode' => 'no-cors',
  'sec-fetch-site' => 'none',
  'connection' => 'keep-alive',
  'host' => '127.0.0.1:9005',
  'content-length' => '',
  'content-type' => '',
)
[ info ] [ PARAM ] array (
)
[ info ] [ LOG ] INIT File
---------------------------------------------------------------
[ 2021-04-11T17:40:11+08:00 ] 127.0.0.1 GET 127.0.0.1:9005/index/vote/subject.html
[运行时间：0.020687s] [吞吐率：48.34req/s] [内存消耗：855.82kb] [文件加载：151]
[ info ] [ BEHAVIOR ] Run Closure @app_init [ RunTime:0.000017s ]
[ info ] [ CACHE ] INIT File
[ info ] [ BEHAVIOR ] Run Closure @app_init [ RunTime:0.000440s ]
[ info ] [ LANG ] /media/luckywujl/data/www/admin/localhost_9005/wwwroot/thinkphp/lang/zh-cn.php
[ info ] [ BEHAVIOR ] Run app\common\behavior\Common @app_dispatch [ RunTime:0.000045s ]
[ info ] [ ROUTE ] array (
  'type' => 'module',
  'module' => 
  array (
    0 => 'index',
    1 => 'vote',
    2 => 'subject',
  ),
)
[ info ] [ HEADER ] array (
  'cookie' => 'PHPSESSID=561131aca71cd8414b426adb; think_var=zh-cn; uid=1; token=4fd7e37e-1749-4b93-9795-2d0f887d8494',
  'accept-language' => 'zh-CN,zh;q=0.9',
  'accept-encoding' => 'gzip, deflate, br',
  'referer' => 'http://127.0.0.1:9005/index/user/index.html',
  'sec-fetch-dest' => 'document',
  'sec-fetch-user' => '?1',
  'sec-fetch-mode' => 'navigate',
  'sec-fetch-site' => 'same-origin',
  'accept' => 'text/html,application/xhtml+xml,application/xml;q=0.9,image/webp,image/apng,*/*;q=0.8,application/signed-exchange;v=b3;q=0.9',
  'user-agent' => 'Mozilla/5.0 (X11; Linux x86_64) AppleWebKit/537.36 (KHTML, like Gecko) Chrome/83.0.4103.115 Safari/537.36 Qaxbrowser',
  'upgrade-insecure-requests' => '1',
  'connection' => 'keep-alive',
  'host' => '127.0.0.1:9005',
  'content-length' => '',
  'content-type' => '',
)
[ info ] [ PARAM ] array (
)
[ info ] [ LANG ] /media/luckywujl/data/www/admin/localhost_9005/wwwroot/public/../application/index/lang/zh-cn.php
[ info ] [ BEHAVIOR ] Run app\common\behavior\Common @module_init [ RunTime:0.000136s ]
[ info ] [ TOKEN ] INIT Mysql
[ info ] [ DB ] INIT mysql
[ info ] [ BEHAVIOR ] Run \addons\geetest\Geetest @config_init [ RunTime:0.000172s ]
[ info ] [ BEHAVIOR ] Run \addons\third\Third @config_init [ RunTime:0.000086s ]
[ info ] [ LANG ] /media/luckywujl/data/www/admin/localhost_9005/wwwroot/public/../application/index/lang/zh-cn/vote.php
[ info ] [ BEHAVIOR ] Run \addons\geetest\Geetest @action_begin [ RunTime:0.000055s ]
[ info ] [ RUN ] app\index\controller\Vote->subject[ /media/luckywujl/data/www/admin/localhost_9005/wwwroot/application/index/controller/Vote.php ]
[ info ] [ DB ] INIT mysql
[ info ] [ VIEW ] /media/luckywujl/data/www/admin/localhost_9005/wwwroot/public/../application/index/view/vote/subject.html [ array (
  0 => 'user',
  1 => 'site',
  2 => 'config',
  3 => 'subjectList',
  4 => 'title',
) ]
[ info ] [ VIEW ] /media/luckywujl/data/www/admin/localhost_9005/wwwroot/addons/vote/view/hook/user_sidenav_after.html [ array (
  0 => 'controllername',
  1 => 'actionname',
  2 => 'usersidebar',
) ]
[ info ] [ BEHAVIOR ] Run \addons\vote\Vote @view_filter [ RunTime:0.000050s ]
[ info ] [ BEHAVIOR ] Run \addons\vote\Vote @user_sidenav_after [ RunTime:0.000073s ]
[ info ] [ BEHAVIOR ] Run \addons\vote\Vote @view_filter [ RunTime:0.000034s ]
[ info ] [ LOG ] INIT File
---------------------------------------------------------------
[ 2021-04-11T17:40:11+08:00 ] 127.0.0.1 GET 127.0.0.1:9005/assets/css/bootstrap.css.map
[运行时间：0.005145s] [吞吐率：194.36req/s] [内存消耗：276.74kb] [文件加载：119]
[ info ] [ BEHAVIOR ] Run Closure @app_init [ RunTime:0.000027s ]
[ info ] [ CACHE ] INIT File
[ info ] [ BEHAVIOR ] Run Closure @app_init [ RunTime:0.000799s ]
[ info ] [ LANG ] /media/luckywujl/data/www/admin/localhost_9005/wwwroot/thinkphp/lang/zh-cn.php
[ info ] [ BEHAVIOR ] Run app\common\behavior\Common @app_dispatch [ RunTime:0.000037s ]
[ info ] [ ROUTE ] array (
  'type' => 'module',
  'module' => 
  array (
    0 => 'assets',
    1 => 'css',
    2 => 'bootstrap.css.map',
  ),
)
[ info ] [ HEADER ] array (
  'cookie' => 'PHPSESSID=561131aca71cd8414b426adb; think_var=zh-cn; uid=1; token=4fd7e37e-1749-4b93-9795-2d0f887d8494',
  'accept-language' => 'zh-CN,zh;q=0.9',
  'accept-encoding' => 'gzip, deflate, br',
  'user-agent' => 'Mozilla/5.0 (X11; Linux x86_64) AppleWebKit/537.36 (KHTML, like Gecko) Chrome/83.0.4103.115 Safari/537.36 Qaxbrowser',
  'sec-fetch-dest' => 'empty',
  'sec-fetch-mode' => 'no-cors',
  'sec-fetch-site' => 'none',
  'connection' => 'keep-alive',
  'host' => '127.0.0.1:9005',
  'content-length' => '',
  'content-type' => '',
)
[ info ] [ PARAM ] array (
)
[ info ] [ LOG ] INIT File
---------------------------------------------------------------
[ 2021-04-11T17:40:11+08:00 ] 127.0.0.1 GET 127.0.0.1:9005/assets/css/user.css.map
[运行时间：0.006489s] [吞吐率：154.11req/s] [内存消耗：276.70kb] [文件加载：119]
[ info ] [ BEHAVIOR ] Run Closure @app_init [ RunTime:0.000018s ]
[ info ] [ CACHE ] INIT File
[ info ] [ BEHAVIOR ] Run Closure @app_init [ RunTime:0.001511s ]
[ info ] [ LANG ] /media/luckywujl/data/www/admin/localhost_9005/wwwroot/thinkphp/lang/zh-cn.php
[ info ] [ BEHAVIOR ] Run app\common\behavior\Common @app_dispatch [ RunTime:0.000055s ]
[ info ] [ ROUTE ] array (
  'type' => 'module',
  'module' => 
  array (
    0 => 'assets',
    1 => 'css',
    2 => 'user.css.map',
  ),
)
[ info ] [ HEADER ] array (
  'cookie' => 'PHPSESSID=561131aca71cd8414b426adb; think_var=zh-cn; uid=1; token=4fd7e37e-1749-4b93-9795-2d0f887d8494',
  'accept-language' => 'zh-CN,zh;q=0.9',
  'accept-encoding' => 'gzip, deflate, br',
  'user-agent' => 'Mozilla/5.0 (X11; Linux x86_64) AppleWebKit/537.36 (KHTML, like Gecko) Chrome/83.0.4103.115 Safari/537.36 Qaxbrowser',
  'sec-fetch-dest' => 'empty',
  'sec-fetch-mode' => 'no-cors',
  'sec-fetch-site' => 'none',
  'connection' => 'keep-alive',
  'host' => '127.0.0.1:9005',
  'content-length' => '',
  'content-type' => '',
)
[ info ] [ PARAM ] array (
)
[ info ] [ LOG ] INIT File
---------------------------------------------------------------
[ 2021-04-11T17:40:11+08:00 ] 127.0.0.1 GET 127.0.0.1:9005/assets/css/frontend.css.map
[运行时间：0.012106s] [吞吐率：82.60req/s] [内存消耗：276.71kb] [文件加载：119]
[ info ] [ BEHAVIOR ] Run Closure @app_init [ RunTime:0.000023s ]
[ info ] [ CACHE ] INIT File
[ info ] [ BEHAVIOR ] Run Closure @app_init [ RunTime:0.000603s ]
[ info ] [ LANG ] /media/luckywujl/data/www/admin/localhost_9005/wwwroot/thinkphp/lang/zh-cn.php
[ info ] [ BEHAVIOR ] Run app\common\behavior\Common @app_dispatch [ RunTime:0.000378s ]
[ info ] [ ROUTE ] array (
  'type' => 'module',
  'module' => 
  array (
    0 => 'assets',
    1 => 'css',
    2 => 'frontend.css.map',
  ),
)
[ info ] [ HEADER ] array (
  'cookie' => 'PHPSESSID=561131aca71cd8414b426adb; think_var=zh-cn; uid=1; token=4fd7e37e-1749-4b93-9795-2d0f887d8494',
  'accept-language' => 'zh-CN,zh;q=0.9',
  'accept-encoding' => 'gzip, deflate, br',
  'user-agent' => 'Mozilla/5.0 (X11; Linux x86_64) AppleWebKit/537.36 (KHTML, like Gecko) Chrome/83.0.4103.115 Safari/537.36 Qaxbrowser',
  'sec-fetch-dest' => 'empty',
  'sec-fetch-mode' => 'no-cors',
  'sec-fetch-site' => 'none',
  'connection' => 'keep-alive',
  'host' => '127.0.0.1:9005',
  'content-length' => '',
  'content-type' => '',
)
[ info ] [ PARAM ] array (
)
[ info ] [ LOG ] INIT File
---------------------------------------------------------------
[ 2021-04-11T17:40:11+08:00 ] 127.0.0.1 GET 127.0.0.1:9005/assets/css/fastadmin.css.map
[运行时间：0.009238s] [吞吐率：108.25req/s] [内存消耗：276.74kb] [文件加载：119]
[ info ] [ BEHAVIOR ] Run Closure @app_init [ RunTime:0.000038s ]
[ info ] [ CACHE ] INIT File
[ info ] [ BEHAVIOR ] Run Closure @app_init [ RunTime:0.005169s ]
[ info ] [ LANG ] /media/luckywujl/data/www/admin/localhost_9005/wwwroot/thinkphp/lang/zh-cn.php
[ info ] [ BEHAVIOR ] Run app\common\behavior\Common @app_dispatch [ RunTime:0.000048s ]
[ info ] [ ROUTE ] array (
  'type' => 'module',
  'module' => 
  array (
    0 => 'assets',
    1 => 'css',
    2 => 'fastadmin.css.map',
  ),
)
[ info ] [ HEADER ] array (
  'cookie' => 'PHPSESSID=561131aca71cd8414b426adb; think_var=zh-cn; uid=1; token=4fd7e37e-1749-4b93-9795-2d0f887d8494',
  'accept-language' => 'zh-CN,zh;q=0.9',
  'accept-encoding' => 'gzip, deflate, br',
  'user-agent' => 'Mozilla/5.0 (X11; Linux x86_64) AppleWebKit/537.36 (KHTML, like Gecko) Chrome/83.0.4103.115 Safari/537.36 Qaxbrowser',
  'sec-fetch-dest' => 'empty',
  'sec-fetch-mode' => 'no-cors',
  'sec-fetch-site' => 'none',
  'connection' => 'keep-alive',
  'host' => '127.0.0.1:9005',
  'content-length' => '',
  'content-type' => '',
)
[ info ] [ PARAM ] array (
)
[ info ] [ LOG ] INIT File
---------------------------------------------------------------
[ 2021-04-11T17:40:11+08:00 ] 127.0.0.1 GET 127.0.0.1:9005/index/ajax/lang?callback=define&controllername=vote&lang=zh-cn&v=1618134011&v=1618134011
[运行时间：0.017754s] [吞吐率：56.33req/s] [内存消耗：641.13kb] [文件加载：145]
[ info ] [ BEHAVIOR ] Run Closure @app_init [ RunTime:0.000016s ]
[ info ] [ CACHE ] INIT File
[ info ] [ BEHAVIOR ] Run Closure @app_init [ RunTime:0.000493s ]
[ info ] [ LANG ] /media/luckywujl/data/www/admin/localhost_9005/wwwroot/thinkphp/lang/zh-cn.php
[ info ] [ BEHAVIOR ] Run app\common\behavior\Common @app_dispatch [ RunTime:0.000044s ]
[ info ] [ ROUTE ] array (
  'type' => 'module',
  'module' => 
  array (
    0 => 'index',
    1 => 'ajax',
    2 => 'lang',
  ),
)
[ info ] [ HEADER ] array (
  'cookie' => 'PHPSESSID=561131aca71cd8414b426adb; think_var=zh-cn; uid=1; token=4fd7e37e-1749-4b93-9795-2d0f887d8494',
  'accept-language' => 'zh-CN,zh;q=0.9',
  'accept-encoding' => 'gzip, deflate, br',
  'referer' => 'http://127.0.0.1:9005/index/vote/subject.html',
  'sec-fetch-dest' => 'script',
  'sec-fetch-mode' => 'no-cors',
  'sec-fetch-site' => 'same-origin',
  'accept' => '*/*',
  'user-agent' => 'Mozilla/5.0 (X11; Linux x86_64) AppleWebKit/537.36 (KHTML, like Gecko) Chrome/83.0.4103.115 Safari/537.36 Qaxbrowser',
  'connection' => 'keep-alive',
  'host' => '127.0.0.1:9005',
  'content-length' => '',
  'content-type' => '',
)
[ info ] [ PARAM ] array (
  'callback' => 'define',
  'controllername' => 'vote',
  'lang' => 'zh-cn',
  'v' => '1618134011',
)
[ info ] [ LANG ] /media/luckywujl/data/www/admin/localhost_9005/wwwroot/public/../application/index/lang/zh-cn.php
[ info ] [ BEHAVIOR ] Run app\common\behavior\Common @module_init [ RunTime:0.000191s ]
[ info ] [ TOKEN ] INIT Mysql
[ info ] [ DB ] INIT mysql
[ info ] [ BEHAVIOR ] Run \addons\geetest\Geetest @config_init [ RunTime:0.000077s ]
[ info ] [ BEHAVIOR ] Run \addons\third\Third @config_init [ RunTime:0.000034s ]
[ info ] [ LANG ] /media/luckywujl/data/www/admin/localhost_9005/wwwroot/public/../application/index/lang/zh-cn/ajax.php
[ info ] [ BEHAVIOR ] Run \addons\geetest\Geetest @action_begin [ RunTime:0.000036s ]
[ info ] [ RUN ] app\index\controller\Ajax->lang[ /media/luckywujl/data/www/admin/localhost_9005/wwwroot/application/index/controller/Ajax.php ]
[ info ] [ LANG ] /media/luckywujl/data/www/admin/localhost_9005/wwwroot/public/../application/index/lang/zh-cn/vote.php
[ info ] [ LOG ] INIT File
---------------------------------------------------------------
[ 2021-04-11T17:40:57+08:00 ] 127.0.0.1 GET 127.0.0.1:9005/assets/css/bootstrap.css.map
[运行时间：0.004016s] [吞吐率：249.01req/s] [内存消耗：276.74kb] [文件加载：119]
[ info ] [ BEHAVIOR ] Run Closure @app_init [ RunTime:0.000022s ]
[ info ] [ CACHE ] INIT File
[ info ] [ BEHAVIOR ] Run Closure @app_init [ RunTime:0.000595s ]
[ info ] [ LANG ] /media/luckywujl/data/www/admin/localhost_9005/wwwroot/thinkphp/lang/zh-cn.php
[ info ] [ BEHAVIOR ] Run app\common\behavior\Common @app_dispatch [ RunTime:0.000054s ]
[ info ] [ ROUTE ] array (
  'type' => 'module',
  'module' => 
  array (
    0 => 'assets',
    1 => 'css',
    2 => 'bootstrap.css.map',
  ),
)
[ info ] [ HEADER ] array (
  'cookie' => 'PHPSESSID=561131aca71cd8414b426adb; think_var=zh-cn; uid=1; token=4fd7e37e-1749-4b93-9795-2d0f887d8494',
  'accept-language' => 'zh-CN,zh;q=0.9',
  'accept-encoding' => 'gzip, deflate, br',
  'user-agent' => 'Mozilla/5.0 (X11; Linux x86_64) AppleWebKit/537.36 (KHTML, like Gecko) Chrome/83.0.4103.115 Safari/537.36 Qaxbrowser',
  'sec-fetch-dest' => 'empty',
  'sec-fetch-mode' => 'no-cors',
  'sec-fetch-site' => 'none',
  'connection' => 'keep-alive',
  'host' => '127.0.0.1:9005',
  'content-length' => '',
  'content-type' => '',
)
[ info ] [ PARAM ] array (
)
[ info ] [ LOG ] INIT File
---------------------------------------------------------------
[ 2021-04-11T17:40:57+08:00 ] 127.0.0.1 GET 127.0.0.1:9005/assets/css/frontend.css.map
[运行时间：0.015849s] [吞吐率：63.10req/s] [内存消耗：276.71kb] [文件加载：119]
[ info ] [ BEHAVIOR ] Run Closure @app_init [ RunTime:0.000021s ]
[ info ] [ CACHE ] INIT File
[ info ] [ BEHAVIOR ] Run Closure @app_init [ RunTime:0.000778s ]
[ info ] [ LANG ] /media/luckywujl/data/www/admin/localhost_9005/wwwroot/thinkphp/lang/zh-cn.php
[ info ] [ BEHAVIOR ] Run app\common\behavior\Common @app_dispatch [ RunTime:0.000079s ]
[ info ] [ ROUTE ] array (
  'type' => 'module',
  'module' => 
  array (
    0 => 'assets',
    1 => 'css',
    2 => 'frontend.css.map',
  ),
)
[ info ] [ HEADER ] array (
  'cookie' => 'PHPSESSID=561131aca71cd8414b426adb; think_var=zh-cn; uid=1; token=4fd7e37e-1749-4b93-9795-2d0f887d8494',
  'accept-language' => 'zh-CN,zh;q=0.9',
  'accept-encoding' => 'gzip, deflate, br',
  'user-agent' => 'Mozilla/5.0 (X11; Linux x86_64) AppleWebKit/537.36 (KHTML, like Gecko) Chrome/83.0.4103.115 Safari/537.36 Qaxbrowser',
  'sec-fetch-dest' => 'empty',
  'sec-fetch-mode' => 'no-cors',
  'sec-fetch-site' => 'none',
  'connection' => 'keep-alive',
  'host' => '127.0.0.1:9005',
  'content-length' => '',
  'content-type' => '',
)
[ info ] [ PARAM ] array (
)
[ info ] [ LOG ] INIT File
---------------------------------------------------------------
[ 2021-04-11T17:40:57+08:00 ] 127.0.0.1 GET 127.0.0.1:9005/assets/css/fastadmin.css.map
[运行时间：0.011731s] [吞吐率：85.24req/s] [内存消耗：276.74kb] [文件加载：119]
[ info ] [ BEHAVIOR ] Run Closure @app_init [ RunTime:0.000021s ]
[ info ] [ CACHE ] INIT File
[ info ] [ BEHAVIOR ] Run Closure @app_init [ RunTime:0.000557s ]
[ info ] [ LANG ] /media/luckywujl/data/www/admin/localhost_9005/wwwroot/thinkphp/lang/zh-cn.php
[ info ] [ BEHAVIOR ] Run app\common\behavior\Common @app_dispatch [ RunTime:0.000052s ]
[ info ] [ ROUTE ] array (
  'type' => 'module',
  'module' => 
  array (
    0 => 'assets',
    1 => 'css',
    2 => 'fastadmin.css.map',
  ),
)
[ info ] [ HEADER ] array (
  'cookie' => 'PHPSESSID=561131aca71cd8414b426adb; think_var=zh-cn; uid=1; token=4fd7e37e-1749-4b93-9795-2d0f887d8494',
  'accept-language' => 'zh-CN,zh;q=0.9',
  'accept-encoding' => 'gzip, deflate, br',
  'user-agent' => 'Mozilla/5.0 (X11; Linux x86_64) AppleWebKit/537.36 (KHTML, like Gecko) Chrome/83.0.4103.115 Safari/537.36 Qaxbrowser',
  'sec-fetch-dest' => 'empty',
  'sec-fetch-mode' => 'no-cors',
  'sec-fetch-site' => 'none',
  'connection' => 'keep-alive',
  'host' => '127.0.0.1:9005',
  'content-length' => '',
  'content-type' => '',
)
[ info ] [ PARAM ] array (
)
[ info ] [ LOG ] INIT File
---------------------------------------------------------------
[ 2021-04-11T17:40:57+08:00 ] 127.0.0.1 GET 127.0.0.1:9005/assets/css/user.css.map
[运行时间：0.012915s] [吞吐率：77.43req/s] [内存消耗：276.70kb] [文件加载：119]
[ info ] [ BEHAVIOR ] Run Closure @app_init [ RunTime:0.000023s ]
[ info ] [ CACHE ] INIT File
[ info ] [ BEHAVIOR ] Run Closure @app_init [ RunTime:0.001029s ]
[ info ] [ LANG ] /media/luckywujl/data/www/admin/localhost_9005/wwwroot/thinkphp/lang/zh-cn.php
[ info ] [ BEHAVIOR ] Run app\common\behavior\Common @app_dispatch [ RunTime:0.000053s ]
[ info ] [ ROUTE ] array (
  'type' => 'module',
  'module' => 
  array (
    0 => 'assets',
    1 => 'css',
    2 => 'user.css.map',
  ),
)
[ info ] [ HEADER ] array (
  'cookie' => 'PHPSESSID=561131aca71cd8414b426adb; think_var=zh-cn; uid=1; token=4fd7e37e-1749-4b93-9795-2d0f887d8494',
  'accept-language' => 'zh-CN,zh;q=0.9',
  'accept-encoding' => 'gzip, deflate, br',
  'user-agent' => 'Mozilla/5.0 (X11; Linux x86_64) AppleWebKit/537.36 (KHTML, like Gecko) Chrome/83.0.4103.115 Safari/537.36 Qaxbrowser',
  'sec-fetch-dest' => 'empty',
  'sec-fetch-mode' => 'no-cors',
  'sec-fetch-site' => 'none',
  'connection' => 'keep-alive',
  'host' => '127.0.0.1:9005',
  'content-length' => '',
  'content-type' => '',
)
[ info ] [ PARAM ] array (
)
[ info ] [ LOG ] INIT File
---------------------------------------------------------------
[ 2021-04-11T17:41:00+08:00 ] 127.0.0.1 GET 127.0.0.1:9005/index/user/login.html
[运行时间：0.014117s] [吞吐率：70.84req/s] [内存消耗：647.75kb] [文件加载：145]
[ info ] [ BEHAVIOR ] Run Closure @app_init [ RunTime:0.000021s ]
[ info ] [ CACHE ] INIT File
[ info ] [ BEHAVIOR ] Run Closure @app_init [ RunTime:0.000578s ]
[ info ] [ LANG ] /media/luckywujl/data/www/admin/localhost_9005/wwwroot/thinkphp/lang/zh-cn.php
[ info ] [ BEHAVIOR ] Run app\common\behavior\Common @app_dispatch [ RunTime:0.000068s ]
[ info ] [ ROUTE ] array (
  'type' => 'module',
  'module' => 
  array (
    0 => 'index',
    1 => 'user',
    2 => 'login',
  ),
)
[ info ] [ HEADER ] array (
  'cookie' => 'PHPSESSID=561131aca71cd8414b426adb; think_var=zh-cn; uid=1; token=4fd7e37e-1749-4b93-9795-2d0f887d8494',
  'accept-language' => 'zh-CN,zh;q=0.9',
  'accept-encoding' => 'gzip, deflate, br',
  'referer' => 'http://127.0.0.1:9005/index/user/index.html',
  'sec-fetch-dest' => 'document',
  'sec-fetch-mode' => 'navigate',
  'sec-fetch-site' => 'same-origin',
  'accept' => 'text/html,application/xhtml+xml,application/xml;q=0.9,image/webp,image/apng,*/*;q=0.8,application/signed-exchange;v=b3;q=0.9',
  'user-agent' => 'Mozilla/5.0 (X11; Linux x86_64) AppleWebKit/537.36 (KHTML, like Gecko) Chrome/83.0.4103.115 Safari/537.36 Qaxbrowser',
  'upgrade-insecure-requests' => '1',
  'connection' => 'keep-alive',
  'host' => '127.0.0.1:9005',
  'content-length' => '',
  'content-type' => '',
)
[ info ] [ PARAM ] array (
)
[ info ] [ LANG ] /media/luckywujl/data/www/admin/localhost_9005/wwwroot/public/../application/index/lang/zh-cn.php
[ info ] [ BEHAVIOR ] Run app\common\behavior\Common @module_init [ RunTime:0.000116s ]
[ info ] [ TOKEN ] INIT Mysql
[ info ] [ DB ] INIT mysql
[ info ] [ BEHAVIOR ] Run \addons\geetest\Geetest @config_init [ RunTime:0.000086s ]
[ info ] [ BEHAVIOR ] Run \addons\third\Third @config_init [ RunTime:0.000042s ]
[ info ] [ LANG ] /media/luckywujl/data/www/admin/localhost_9005/wwwroot/public/../application/index/lang/zh-cn/user.php
[ info ] [ BEHAVIOR ] Run \addons\geetest\Geetest @action_begin [ RunTime:0.000027s ]
[ info ] [ RUN ] app\index\controller\User->login[ /media/luckywujl/data/www/admin/localhost_9005/wwwroot/application/index/controller/User.php ]
[ info ] [ VIEW ] /media/luckywujl/data/www/admin/localhost_9005/wwwroot/public/../application/common/view/tpl/dispatch_jump.tpl [ array (
  0 => 'user',
  1 => 'site',
  2 => 'config',
  3 => 'code',
  4 => 'msg',
  5 => 'data',
  6 => 'url',
  7 => 'wait',
) ]
[ info ] [ BEHAVIOR ] Run \addons\vote\Vote @view_filter [ RunTime:0.000032s ]
[ info ] [ LOG ] INIT File
---------------------------------------------------------------
[ 2021-04-11T17:41:02+08:00 ] 127.0.0.1 GET 127.0.0.1:9005/index/user/index.html
[运行时间：0.012890s] [吞吐率：77.58req/s] [内存消耗：653.92kb] [文件加载：146]
[ info ] [ BEHAVIOR ] Run Closure @app_init [ RunTime:0.000017s ]
[ info ] [ CACHE ] INIT File
[ info ] [ BEHAVIOR ] Run Closure @app_init [ RunTime:0.000443s ]
[ info ] [ LANG ] /media/luckywujl/data/www/admin/localhost_9005/wwwroot/thinkphp/lang/zh-cn.php
[ info ] [ BEHAVIOR ] Run app\common\behavior\Common @app_dispatch [ RunTime:0.000059s ]
[ info ] [ ROUTE ] array (
  'type' => 'module',
  'module' => 
  array (
    0 => 'index',
    1 => 'user',
    2 => 'index',
  ),
)
[ info ] [ HEADER ] array (
  'cookie' => 'PHPSESSID=561131aca71cd8414b426adb; think_var=zh-cn; uid=1; token=4fd7e37e-1749-4b93-9795-2d0f887d8494',
  'accept-language' => 'zh-CN,zh;q=0.9',
  'accept-encoding' => 'gzip, deflate, br',
  'referer' => 'http://127.0.0.1:9005/index/user/login.html',
  'sec-fetch-dest' => 'document',
  'sec-fetch-user' => '?1',
  'sec-fetch-mode' => 'navigate',
  'sec-fetch-site' => 'same-origin',
  'accept' => 'text/html,application/xhtml+xml,application/xml;q=0.9,image/webp,image/apng,*/*;q=0.8,application/signed-exchange;v=b3;q=0.9',
  'user-agent' => 'Mozilla/5.0 (X11; Linux x86_64) AppleWebKit/537.36 (KHTML, like Gecko) Chrome/83.0.4103.115 Safari/537.36 Qaxbrowser',
  'upgrade-insecure-requests' => '1',
  'connection' => 'keep-alive',
  'host' => '127.0.0.1:9005',
  'content-length' => '',
  'content-type' => '',
)
[ info ] [ PARAM ] array (
)
[ info ] [ LANG ] /media/luckywujl/data/www/admin/localhost_9005/wwwroot/public/../application/index/lang/zh-cn.php
[ info ] [ BEHAVIOR ] Run app\common\behavior\Common @module_init [ RunTime:0.000091s ]
[ info ] [ TOKEN ] INIT Mysql
[ info ] [ DB ] INIT mysql
[ info ] [ BEHAVIOR ] Run \addons\geetest\Geetest @config_init [ RunTime:0.000111s ]
[ info ] [ BEHAVIOR ] Run \addons\third\Third @config_init [ RunTime:0.000067s ]
[ info ] [ LANG ] /media/luckywujl/data/www/admin/localhost_9005/wwwroot/public/../application/index/lang/zh-cn/user.php
[ info ] [ BEHAVIOR ] Run \addons\geetest\Geetest @action_begin [ RunTime:0.000038s ]
[ info ] [ RUN ] app\index\controller\User->index[ /media/luckywujl/data/www/admin/localhost_9005/wwwroot/application/index/controller/User.php ]
[ info ] [ VIEW ] /media/luckywujl/data/www/admin/localhost_9005/wwwroot/public/../application/index/view/user/index.html [ array (
  0 => 'user',
  1 => 'site',
  2 => 'config',
  3 => 'title',
) ]
[ info ] [ VIEW ] /media/luckywujl/data/www/admin/localhost_9005/wwwroot/addons/vote/view/hook/user_sidenav_after.html [ array (
  0 => 'controllername',
  1 => 'actionname',
  2 => 'usersidebar',
) ]
[ info ] [ BEHAVIOR ] Run \addons\vote\Vote @view_filter [ RunTime:0.000067s ]
[ info ] [ BEHAVIOR ] Run \addons\vote\Vote @user_sidenav_after [ RunTime:0.000088s ]
[ info ] [ BEHAVIOR ] Run \addons\vote\Vote @view_filter [ RunTime:0.000344s ]
[ info ] [ LOG ] INIT File
---------------------------------------------------------------
[ 2021-04-11T17:41:02+08:00 ] 127.0.0.1 GET 127.0.0.1:9005/assets/css/frontend.css.map
[运行时间：0.004033s] [吞吐率：247.95req/s] [内存消耗：276.71kb] [文件加载：119]
[ info ] [ BEHAVIOR ] Run Closure @app_init [ RunTime:0.000023s ]
[ info ] [ CACHE ] INIT File
[ info ] [ BEHAVIOR ] Run Closure @app_init [ RunTime:0.000613s ]
[ info ] [ LANG ] /media/luckywujl/data/www/admin/localhost_9005/wwwroot/thinkphp/lang/zh-cn.php
[ info ] [ BEHAVIOR ] Run app\common\behavior\Common @app_dispatch [ RunTime:0.000052s ]
[ info ] [ ROUTE ] array (
  'type' => 'module',
  'module' => 
  array (
    0 => 'assets',
    1 => 'css',
    2 => 'frontend.css.map',
  ),
)
[ info ] [ HEADER ] array (
  'cookie' => 'PHPSESSID=561131aca71cd8414b426adb; think_var=zh-cn; uid=1; token=4fd7e37e-1749-4b93-9795-2d0f887d8494',
  'accept-language' => 'zh-CN,zh;q=0.9',
  'accept-encoding' => 'gzip, deflate, br',
  'user-agent' => 'Mozilla/5.0 (X11; Linux x86_64) AppleWebKit/537.36 (KHTML, like Gecko) Chrome/83.0.4103.115 Safari/537.36 Qaxbrowser',
  'sec-fetch-dest' => 'empty',
  'sec-fetch-mode' => 'no-cors',
  'sec-fetch-site' => 'none',
  'connection' => 'keep-alive',
  'host' => '127.0.0.1:9005',
  'content-length' => '',
  'content-type' => '',
)
[ info ] [ PARAM ] array (
)
[ info ] [ LOG ] INIT File
---------------------------------------------------------------
[ 2021-04-11T17:41:02+08:00 ] 127.0.0.1 GET 127.0.0.1:9005/assets/css/bootstrap.css.map
[运行时间：0.004969s] [吞吐率：201.24req/s] [内存消耗：276.74kb] [文件加载：119]
[ info ] [ BEHAVIOR ] Run Closure @app_init [ RunTime:0.000015s ]
[ info ] [ CACHE ] INIT File
[ info ] [ BEHAVIOR ] Run Closure @app_init [ RunTime:0.000555s ]
[ info ] [ LANG ] /media/luckywujl/data/www/admin/localhost_9005/wwwroot/thinkphp/lang/zh-cn.php
[ info ] [ BEHAVIOR ] Run app\common\behavior\Common @app_dispatch [ RunTime:0.000888s ]
[ info ] [ ROUTE ] array (
  'type' => 'module',
  'module' => 
  array (
    0 => 'assets',
    1 => 'css',
    2 => 'bootstrap.css.map',
  ),
)
[ info ] [ HEADER ] array (
  'cookie' => 'PHPSESSID=561131aca71cd8414b426adb; think_var=zh-cn; uid=1; token=4fd7e37e-1749-4b93-9795-2d0f887d8494',
  'accept-language' => 'zh-CN,zh;q=0.9',
  'accept-encoding' => 'gzip, deflate, br',
  'user-agent' => 'Mozilla/5.0 (X11; Linux x86_64) AppleWebKit/537.36 (KHTML, like Gecko) Chrome/83.0.4103.115 Safari/537.36 Qaxbrowser',
  'sec-fetch-dest' => 'empty',
  'sec-fetch-mode' => 'no-cors',
  'sec-fetch-site' => 'none',
  'connection' => 'keep-alive',
  'host' => '127.0.0.1:9005',
  'content-length' => '',
  'content-type' => '',
)
[ info ] [ PARAM ] array (
)
[ info ] [ LOG ] INIT File
---------------------------------------------------------------
[ 2021-04-11T17:41:02+08:00 ] 127.0.0.1 GET 127.0.0.1:9005/assets/css/fastadmin.css.map
[运行时间：0.005843s] [吞吐率：171.15req/s] [内存消耗：276.74kb] [文件加载：119]
[ info ] [ BEHAVIOR ] Run Closure @app_init [ RunTime:0.000019s ]
[ info ] [ CACHE ] INIT File
[ info ] [ BEHAVIOR ] Run Closure @app_init [ RunTime:0.000509s ]
[ info ] [ LANG ] /media/luckywujl/data/www/admin/localhost_9005/wwwroot/thinkphp/lang/zh-cn.php
[ info ] [ BEHAVIOR ] Run app\common\behavior\Common @app_dispatch [ RunTime:0.000041s ]
[ info ] [ ROUTE ] array (
  'type' => 'module',
  'module' => 
  array (
    0 => 'assets',
    1 => 'css',
    2 => 'fastadmin.css.map',
  ),
)
[ info ] [ HEADER ] array (
  'cookie' => 'PHPSESSID=561131aca71cd8414b426adb; think_var=zh-cn; uid=1; token=4fd7e37e-1749-4b93-9795-2d0f887d8494',
  'accept-language' => 'zh-CN,zh;q=0.9',
  'accept-encoding' => 'gzip, deflate, br',
  'user-agent' => 'Mozilla/5.0 (X11; Linux x86_64) AppleWebKit/537.36 (KHTML, like Gecko) Chrome/83.0.4103.115 Safari/537.36 Qaxbrowser',
  'sec-fetch-dest' => 'empty',
  'sec-fetch-mode' => 'no-cors',
  'sec-fetch-site' => 'none',
  'connection' => 'keep-alive',
  'host' => '127.0.0.1:9005',
  'content-length' => '',
  'content-type' => '',
)
[ info ] [ PARAM ] array (
)
[ info ] [ LOG ] INIT File
---------------------------------------------------------------
[ 2021-04-11T17:41:02+08:00 ] 127.0.0.1 GET 127.0.0.1:9005/assets/css/user.css.map
[运行时间：0.006957s] [吞吐率：143.74req/s] [内存消耗：276.70kb] [文件加载：119]
[ info ] [ BEHAVIOR ] Run Closure @app_init [ RunTime:0.000014s ]
[ info ] [ CACHE ] INIT File
[ info ] [ BEHAVIOR ] Run Closure @app_init [ RunTime:0.002310s ]
[ info ] [ LANG ] /media/luckywujl/data/www/admin/localhost_9005/wwwroot/thinkphp/lang/zh-cn.php
[ info ] [ BEHAVIOR ] Run app\common\behavior\Common @app_dispatch [ RunTime:0.000066s ]
[ info ] [ ROUTE ] array (
  'type' => 'module',
  'module' => 
  array (
    0 => 'assets',
    1 => 'css',
    2 => 'user.css.map',
  ),
)
[ info ] [ HEADER ] array (
  'cookie' => 'PHPSESSID=561131aca71cd8414b426adb; think_var=zh-cn; uid=1; token=4fd7e37e-1749-4b93-9795-2d0f887d8494',
  'accept-language' => 'zh-CN,zh;q=0.9',
  'accept-encoding' => 'gzip, deflate, br',
  'user-agent' => 'Mozilla/5.0 (X11; Linux x86_64) AppleWebKit/537.36 (KHTML, like Gecko) Chrome/83.0.4103.115 Safari/537.36 Qaxbrowser',
  'sec-fetch-dest' => 'empty',
  'sec-fetch-mode' => 'no-cors',
  'sec-fetch-site' => 'none',
  'connection' => 'keep-alive',
  'host' => '127.0.0.1:9005',
  'content-length' => '',
  'content-type' => '',
)
[ info ] [ PARAM ] array (
)
[ info ] [ LOG ] INIT File
---------------------------------------------------------------
[ 2021-04-11T17:41:02+08:00 ] 127.0.0.1 GET 127.0.0.1:9005/index/ajax/lang?callback=define&controllername=user&lang=zh-cn&v=1618134062&v=1618134062
[运行时间：0.018515s] [吞吐率：54.01req/s] [内存消耗：642.70kb] [文件加载：145]
[ info ] [ BEHAVIOR ] Run Closure @app_init [ RunTime:0.000024s ]
[ info ] [ CACHE ] INIT File
[ info ] [ BEHAVIOR ] Run Closure @app_init [ RunTime:0.000555s ]
[ info ] [ LANG ] /media/luckywujl/data/www/admin/localhost_9005/wwwroot/thinkphp/lang/zh-cn.php
[ info ] [ BEHAVIOR ] Run app\common\behavior\Common @app_dispatch [ RunTime:0.000056s ]
[ info ] [ ROUTE ] array (
  'type' => 'module',
  'module' => 
  array (
    0 => 'index',
    1 => 'ajax',
    2 => 'lang',
  ),
)
[ info ] [ HEADER ] array (
  'cookie' => 'PHPSESSID=561131aca71cd8414b426adb; think_var=zh-cn; uid=1; token=4fd7e37e-1749-4b93-9795-2d0f887d8494',
  'accept-language' => 'zh-CN,zh;q=0.9',
  'accept-encoding' => 'gzip, deflate, br',
  'referer' => 'http://127.0.0.1:9005/index/user/index.html',
  'sec-fetch-dest' => 'script',
  'sec-fetch-mode' => 'no-cors',
  'sec-fetch-site' => 'same-origin',
  'accept' => '*/*',
  'user-agent' => 'Mozilla/5.0 (X11; Linux x86_64) AppleWebKit/537.36 (KHTML, like Gecko) Chrome/83.0.4103.115 Safari/537.36 Qaxbrowser',
  'connection' => 'keep-alive',
  'host' => '127.0.0.1:9005',
  'content-length' => '',
  'content-type' => '',
)
[ info ] [ PARAM ] array (
  'callback' => 'define',
  'controllername' => 'user',
  'lang' => 'zh-cn',
  'v' => '1618134062',
)
[ info ] [ LANG ] /media/luckywujl/data/www/admin/localhost_9005/wwwroot/public/../application/index/lang/zh-cn.php
[ info ] [ BEHAVIOR ] Run app\common\behavior\Common @module_init [ RunTime:0.000145s ]
[ info ] [ TOKEN ] INIT Mysql
[ info ] [ DB ] INIT mysql
[ info ] [ BEHAVIOR ] Run \addons\geetest\Geetest @config_init [ RunTime:0.000123s ]
[ info ] [ BEHAVIOR ] Run \addons\third\Third @config_init [ RunTime:0.000058s ]
[ info ] [ LANG ] /media/luckywujl/data/www/admin/localhost_9005/wwwroot/public/../application/index/lang/zh-cn/ajax.php
[ info ] [ BEHAVIOR ] Run \addons\geetest\Geetest @action_begin [ RunTime:0.000218s ]
[ info ] [ RUN ] app\index\controller\Ajax->lang[ /media/luckywujl/data/www/admin/localhost_9005/wwwroot/application/index/controller/Ajax.php ]
[ info ] [ LANG ] /media/luckywujl/data/www/admin/localhost_9005/wwwroot/public/../application/index/lang/zh-cn/user.php
[ info ] [ LOG ] INIT File
---------------------------------------------------------------
[ 2021-04-11T17:51:50+08:00 ] 127.0.0.1 GET 127.0.0.1:9005/index/user/login.html
[运行时间：0.011441s] [吞吐率：87.41req/s] [内存消耗：648.65kb] [文件加载：145]
[ info ] [ BEHAVIOR ] Run Closure @app_init [ RunTime:0.000016s ]
[ info ] [ CACHE ] INIT File
[ info ] [ BEHAVIOR ] Run Closure @app_init [ RunTime:0.000448s ]
[ info ] [ LANG ] /media/luckywujl/data/www/admin/localhost_9005/wwwroot/thinkphp/lang/zh-cn.php
[ info ] [ BEHAVIOR ] Run app\common\behavior\Common @app_dispatch [ RunTime:0.000040s ]
[ info ] [ ROUTE ] array (
  'type' => 'module',
  'module' => 
  array (
    0 => 'index',
    1 => 'user',
    2 => 'login',
  ),
)
[ info ] [ HEADER ] array (
  'cookie' => 'PHPSESSID=561131aca71cd8414b426adb; think_var=zh-cn; uid=1; token=4fd7e37e-1749-4b93-9795-2d0f887d8494',
  'accept-language' => 'zh-CN,zh;q=0.9',
  'accept-encoding' => 'gzip, deflate, br',
  'referer' => 'http://127.0.0.1:9005/index/user/index.html',
  'sec-fetch-dest' => 'document',
  'sec-fetch-user' => '?1',
  'sec-fetch-mode' => 'navigate',
  'sec-fetch-site' => 'same-origin',
  'accept' => 'text/html,application/xhtml+xml,application/xml;q=0.9,image/webp,image/apng,*/*;q=0.8,application/signed-exchange;v=b3;q=0.9',
  'user-agent' => 'Mozilla/5.0 (X11; Linux x86_64) AppleWebKit/537.36 (KHTML, like Gecko) Chrome/83.0.4103.115 Safari/537.36 Qaxbrowser',
  'upgrade-insecure-requests' => '1',
  'cache-control' => 'max-age=0',
  'connection' => 'keep-alive',
  'host' => '127.0.0.1:9005',
  'content-length' => '',
  'content-type' => '',
)
[ info ] [ PARAM ] array (
)
[ info ] [ LANG ] /media/luckywujl/data/www/admin/localhost_9005/wwwroot/public/../application/index/lang/zh-cn.php
[ info ] [ BEHAVIOR ] Run app\common\behavior\Common @module_init [ RunTime:0.000078s ]
[ info ] [ TOKEN ] INIT Mysql
[ info ] [ DB ] INIT mysql
[ info ] [ BEHAVIOR ] Run \addons\geetest\Geetest @config_init [ RunTime:0.000139s ]
[ info ] [ BEHAVIOR ] Run \addons\third\Third @config_init [ RunTime:0.000065s ]
[ info ] [ LANG ] /media/luckywujl/data/www/admin/localhost_9005/wwwroot/public/../application/index/lang/zh-cn/user.php
[ info ] [ BEHAVIOR ] Run \addons\geetest\Geetest @action_begin [ RunTime:0.000041s ]
[ info ] [ RUN ] app\index\controller\User->login[ /media/luckywujl/data/www/admin/localhost_9005/wwwroot/application/index/controller/User.php ]
[ info ] [ VIEW ] /media/luckywujl/data/www/admin/localhost_9005/wwwroot/public/../application/common/view/tpl/dispatch_jump.tpl [ array (
  0 => 'user',
  1 => 'site',
  2 => 'config',
  3 => 'code',
  4 => 'msg',
  5 => 'data',
  6 => 'url',
  7 => 'wait',
) ]
[ info ] [ BEHAVIOR ] Run \addons\vote\Vote @view_filter [ RunTime:0.000054s ]
[ info ] [ LOG ] INIT File
---------------------------------------------------------------
[ 2021-04-11T17:51:51+08:00 ] 127.0.0.1 GET 127.0.0.1:9005/index/user/index.html
[运行时间：0.012527s] [吞吐率：79.83req/s] [内存消耗：653.50kb] [文件加载：146]
[ info ] [ BEHAVIOR ] Run Closure @app_init [ RunTime:0.000016s ]
[ info ] [ CACHE ] INIT File
[ info ] [ BEHAVIOR ] Run Closure @app_init [ RunTime:0.000479s ]
[ info ] [ LANG ] /media/luckywujl/data/www/admin/localhost_9005/wwwroot/thinkphp/lang/zh-cn.php
[ info ] [ BEHAVIOR ] Run app\common\behavior\Common @app_dispatch [ RunTime:0.000054s ]
[ info ] [ ROUTE ] array (
  'type' => 'module',
  'module' => 
  array (
    0 => 'index',
    1 => 'user',
    2 => 'index',
  ),
)
[ info ] [ HEADER ] array (
  'cookie' => 'PHPSESSID=561131aca71cd8414b426adb; think_var=zh-cn; uid=1; token=4fd7e37e-1749-4b93-9795-2d0f887d8494',
  'accept-language' => 'zh-CN,zh;q=0.9',
  'accept-encoding' => 'gzip, deflate, br',
  'referer' => 'http://127.0.0.1:9005/index/user/login.html',
  'sec-fetch-dest' => 'document',
  'sec-fetch-user' => '?1',
  'sec-fetch-mode' => 'navigate',
  'sec-fetch-site' => 'same-origin',
  'accept' => 'text/html,application/xhtml+xml,application/xml;q=0.9,image/webp,image/apng,*/*;q=0.8,application/signed-exchange;v=b3;q=0.9',
  'user-agent' => 'Mozilla/5.0 (X11; Linux x86_64) AppleWebKit/537.36 (KHTML, like Gecko) Chrome/83.0.4103.115 Safari/537.36 Qaxbrowser',
  'upgrade-insecure-requests' => '1',
  'connection' => 'keep-alive',
  'host' => '127.0.0.1:9005',
  'content-length' => '',
  'content-type' => '',
)
[ info ] [ PARAM ] array (
)
[ info ] [ LANG ] /media/luckywujl/data/www/admin/localhost_9005/wwwroot/public/../application/index/lang/zh-cn.php
[ info ] [ BEHAVIOR ] Run app\common\behavior\Common @module_init [ RunTime:0.000113s ]
[ info ] [ TOKEN ] INIT Mysql
[ info ] [ DB ] INIT mysql
[ info ] [ BEHAVIOR ] Run \addons\geetest\Geetest @config_init [ RunTime:0.000095s ]
[ info ] [ BEHAVIOR ] Run \addons\third\Third @config_init [ RunTime:0.000044s ]
[ info ] [ LANG ] /media/luckywujl/data/www/admin/localhost_9005/wwwroot/public/../application/index/lang/zh-cn/user.php
[ info ] [ BEHAVIOR ] Run \addons\geetest\Geetest @action_begin [ RunTime:0.000031s ]
[ info ] [ RUN ] app\index\controller\User->index[ /media/luckywujl/data/www/admin/localhost_9005/wwwroot/application/index/controller/User.php ]
[ info ] [ VIEW ] /media/luckywujl/data/www/admin/localhost_9005/wwwroot/public/../application/index/view/user/index.html [ array (
  0 => 'user',
  1 => 'site',
  2 => 'config',
  3 => 'title',
) ]
[ info ] [ VIEW ] /media/luckywujl/data/www/admin/localhost_9005/wwwroot/addons/vote/view/hook/user_sidenav_after.html [ array (
  0 => 'controllername',
  1 => 'actionname',
  2 => 'usersidebar',
) ]
[ info ] [ BEHAVIOR ] Run \addons\vote\Vote @view_filter [ RunTime:0.000028s ]
[ info ] [ BEHAVIOR ] Run \addons\vote\Vote @user_sidenav_after [ RunTime:0.000038s ]
[ info ] [ BEHAVIOR ] Run \addons\vote\Vote @view_filter [ RunTime:0.000025s ]
[ info ] [ LOG ] INIT File
---------------------------------------------------------------
[ 2021-04-11T17:51:52+08:00 ] 127.0.0.1 GET 127.0.0.1:9005/index/ajax/lang?callback=define&controllername=user&lang=zh-cn&v=1618134711&v=1618134711
[运行时间：0.012421s] [吞吐率：80.51req/s] [内存消耗：642.70kb] [文件加载：145]
[ info ] [ BEHAVIOR ] Run Closure @app_init [ RunTime:0.000021s ]
[ info ] [ CACHE ] INIT File
[ info ] [ BEHAVIOR ] Run Closure @app_init [ RunTime:0.000831s ]
[ info ] [ LANG ] /media/luckywujl/data/www/admin/localhost_9005/wwwroot/thinkphp/lang/zh-cn.php
[ info ] [ BEHAVIOR ] Run app\common\behavior\Common @app_dispatch [ RunTime:0.000053s ]
[ info ] [ ROUTE ] array (
  'type' => 'module',
  'module' => 
  array (
    0 => 'index',
    1 => 'ajax',
    2 => 'lang',
  ),
)
[ info ] [ HEADER ] array (
  'cookie' => 'PHPSESSID=561131aca71cd8414b426adb; think_var=zh-cn; uid=1; token=4fd7e37e-1749-4b93-9795-2d0f887d8494',
  'accept-language' => 'zh-CN,zh;q=0.9',
  'accept-encoding' => 'gzip, deflate, br',
  'referer' => 'http://127.0.0.1:9005/index/user/index.html',
  'sec-fetch-dest' => 'script',
  'sec-fetch-mode' => 'no-cors',
  'sec-fetch-site' => 'same-origin',
  'accept' => '*/*',
  'user-agent' => 'Mozilla/5.0 (X11; Linux x86_64) AppleWebKit/537.36 (KHTML, like Gecko) Chrome/83.0.4103.115 Safari/537.36 Qaxbrowser',
  'connection' => 'keep-alive',
  'host' => '127.0.0.1:9005',
  'content-length' => '',
  'content-type' => '',
)
[ info ] [ PARAM ] array (
  'callback' => 'define',
  'controllername' => 'user',
  'lang' => 'zh-cn',
  'v' => '1618134711',
)
[ info ] [ LANG ] /media/luckywujl/data/www/admin/localhost_9005/wwwroot/public/../application/index/lang/zh-cn.php
[ info ] [ BEHAVIOR ] Run app\common\behavior\Common @module_init [ RunTime:0.000135s ]
[ info ] [ TOKEN ] INIT Mysql
[ info ] [ DB ] INIT mysql
[ info ] [ BEHAVIOR ] Run \addons\geetest\Geetest @config_init [ RunTime:0.000071s ]
[ info ] [ BEHAVIOR ] Run \addons\third\Third @config_init [ RunTime:0.000033s ]
[ info ] [ LANG ] /media/luckywujl/data/www/admin/localhost_9005/wwwroot/public/../application/index/lang/zh-cn/ajax.php
[ info ] [ BEHAVIOR ] Run \addons\geetest\Geetest @action_begin [ RunTime:0.000024s ]
[ info ] [ RUN ] app\index\controller\Ajax->lang[ /media/luckywujl/data/www/admin/localhost_9005/wwwroot/application/index/controller/Ajax.php ]
[ info ] [ LANG ] /media/luckywujl/data/www/admin/localhost_9005/wwwroot/public/../application/index/lang/zh-cn/user.php
[ info ] [ LOG ] INIT File
